<?xml version="1.0" encoding="UTF-8" ?>
<testsuite tests="1" failures="0" name="com.example.webguidemo.TestpageWebTest" time="14.251" errors="1" skipped="0">
  <properties>
[...]
</properties>
  <testcase classname="com.example.webguidemo.TestpageWebTest" name="run" time="14.121">
    <error message="Failures in running stories: ReportsCount[stories=1,storiesNotAllowed=0,storiesPending=0,scenarios=1,scenariosFailed=1,scenariosNotAllowed=0,scenariosPending=0,stepsFailed=1]" type="org.jbehave.core.embedder.Embedder$RunningStoriesFailed">org.jbehave.core.embedder.Embedder$RunningStoriesFailed: Failures in running stories: ReportsCount[stories=1,storiesNotAllowed=0,storiesPending=0,scenarios=1,scenariosFailed=1,scenariosNotAllowed=0,scenariosPending=0,stepsFailed=1]
	at org.jbehave.core.embedder.Embedder$ThrowingRunningStoriesFailed.handleFailures(Embedder.java:534)
	at org.jbehave.core.embedder.Embedder.handleFailures(Embedder.java:270)
	at org.jbehave.core.embedder.Embedder.generateReportsView(Embedder.java:257)
	at org.jbehave.core.embedder.Embedder.generateReportsView(Embedder.java:238)
	at org.jbehave.core.embedder.Embedder.runStoriesAsPaths(Embedder.java:214)
	at org.jbehave.core.junit.JUnitStories.run(JUnitStories.java:20)
	at sun.reflect.NativeMethodAccessorImpl.invoke0(Native Method)
	at sun.reflect.NativeMethodAccessorImpl.invoke(NativeMethodAccessorImpl.java:62)
	at sun.reflect.DelegatingMethodAccessorImpl.invoke(DelegatingMethodAccessorImpl.java:43)
	at java.lang.reflect.Method.invoke(Method.java:497)
	at org.junit.runners.model.FrameworkMethod$1.runReflectiveCall(FrameworkMethod.java:47)
	at org.junit.internal.runners.model.ReflectiveCallable.run(ReflectiveCallable.java:12)
	at org.junit.runners.model.FrameworkMethod.invokeExplosively(FrameworkMethod.java:44)
	at org.junit.internal.runners.statements.InvokeMethod.evaluate(InvokeMethod.java:17)
	at org.junit.runners.ParentRunner.runLeaf(ParentRunner.java:271)
	at org.junit.runners.BlockJUnit4ClassRunner.runChild(BlockJUnit4ClassRunner.java:70)
	at org.junit.runners.BlockJUnit4ClassRunner.runChild(BlockJUnit4ClassRunner.java:50)
	at org.junit.runners.ParentRunner$3.run(ParentRunner.java:238)
	at org.junit.runners.ParentRunner$1.schedule(ParentRunner.java:63)
	at org.junit.runners.ParentRunner.runChildren(ParentRunner.java:236)
	at org.junit.runners.ParentRunner.access$000(ParentRunner.java:53)
	at org.junit.runners.ParentRunner$2.evaluate(ParentRunner.java:229)
	at org.junit.runners.ParentRunner.run(ParentRunner.java:309)
	at org.apache.maven.surefire.junit4.JUnit4TestSet.execute(JUnit4TestSet.java:53)
	at org.apache.maven.surefire.junit4.JUnit4Provider.executeTestSet(JUnit4Provider.java:123)
	at org.apache.maven.surefire.junit4.JUnit4Provider.invoke(JUnit4Provider.java:104)
	at sun.reflect.NativeMethodAccessorImpl.invoke0(Native Method)
	at sun.reflect.NativeMethodAccessorImpl.invoke(NativeMethodAccessorImpl.java:62)
	at sun.reflect.DelegatingMethodAccessorImpl.invoke(DelegatingMethodAccessorImpl.java:43)
	at java.lang.reflect.Method.invoke(Method.java:497)
	at org.apache.maven.surefire.util.ReflectionUtils.invokeMethodWithArray(ReflectionUtils.java:164)
	at org.apache.maven.surefire.booter.ProviderFactory$ProviderProxy.invoke(ProviderFactory.java:110)
	at org.apache.maven.surefire.booter.SurefireStarter.invokeProvider(SurefireStarter.java:175)
	at org.apache.maven.surefire.booter.SurefireStarter.runSuitesInProcessWhenForked(SurefireStarter.java:107)
	at org.apache.maven.surefire.booter.ForkedBooter.main(ForkedBooter.java:68)
</error>
    <system-out>Processing system properties {}
Using controls EmbedderControls[batch=false,skip=false,generateViewAfterStories=true,ignoreFailureInStories=false,ignoreFailureInView=false,verboseFailures=false,verboseFiltering=false,storyTimeoutInSecs=300,failOnStoryTimeout=false,threads=1]

(BeforeStories)

Running story com/example/webguidemo/testpage.story

(com/example/webguidemo/testpage.story)
Scenario: Test Practiceform page
Given user is on Home page
When user click example link
Then example page is shown (FAILED)
(org.junit.ComparisonFailure: expected:&lt;...elenium Framework | [  ]Setup Visual Studio&gt; but was:&lt;...elenium Framework | []Setup Visual Studio&gt;)
Given user is on Home page (NOT PERFORMED)
When user click Submit (NOT PERFORMED)
Then This field is required alert validator is shown (NOT PERFORMED)
Given user is on Home page (NOT PERFORMED)
When user types 12 in field (NOT PERFORMED)
Then user pass a validation (NOT PERFORMED)
Given user is on Home page (NOT PERFORMED)
When user click alert button (NOT PERFORMED)
Then alert is shown (NOT PERFORMED)
When user click on /a/span/ link (NOT PERFORMED)
Then create PrSc (NOT PERFORMED)
Given user is on Home page (NOT PERFORMED)
When user types 1111 in field (NOT PERFORMED)
Then msg validation show Please enter no more than 2 characters. (NOT PERFORMED)
Screenshot of page &apos;http://www.seleniumframework.com/setup-visual-studio/&apos; has been saved to &apos;C:\Users\Greg\Documents\GitHub\testy-junit\lab07\webguidemo\target\jbehave/screenshots/failed-scenario-447d26a1-1c22-40e6-88fe-cadba78eca58.png&apos; with 125590 bytes



(AfterStories)

Generating reports view to &apos;C:\Users\Greg\Documents\GitHub\testy-junit\lab07\webguidemo\target\jbehave&apos; using formats &apos;[stats, console, txt]&apos; and view properties &apos;{navigator=ftl/jbehave-navigator.ftl, views=ftl/jbehave-views.ftl, reports=ftl/jbehave-reports-with-totals.ftl, nonDecorated=ftl/jbehave-report-non-decorated.ftl, decorated=ftl/jbehave-report-decorated.ftl, maps=ftl/jbehave-maps.ftl}&apos;
Reports view generated with 1 stories (of which 0 pending) containing 1 scenarios (of which 0 pending)
</system-out>
    <system-err>Starting ChromeDriver 2.21.371459 (36d3d07f660ff2bc1bf28a75d1cdabed0983e7c4) on port 20920
Only local connections are allowed.
</system-err>
  </testcase>
</testsuite>